<?xml version="1.0" encoding="UTF-8"?>
<testsuite xmlns:xsi="http://www.w3.org/2001/XMLSchema-instance" xsi:noNamespaceSchemaLocation="https://maven.apache.org/surefire/maven-surefire-plugin/xsd/surefire-test-report-3.0.xsd" version="3.0" name="Teste classe ListaUtil" time="0.066" tests="21" errors="0" skipped="0" failures="0">
  <properties>
    <property name="sun.desktop" value="windows"/>
    <property name="awt.toolkit" value="sun.awt.windows.WToolkit"/>
    <property name="java.specification.version" value="11"/>
    <property name="sun.cpu.isalist" value="amd64"/>
    <property name="sun.jnu.encoding" value="Cp1252"/>
    <property name="java.class.path" value="C:\Users\MU993HT\Music\SPTech\LP\projeto-lista-desafio\target\test-classes;C:\Users\MU993HT\Music\SPTech\LP\projeto-lista-desafio\target\classes;C:\Users\MU993HT\.m2\repository\org\junit\jupiter\junit-jupiter-api\5.6.0\junit-jupiter-api-5.6.0.jar;C:\Users\MU993HT\.m2\repository\org\apiguardian\apiguardian-api\1.1.0\apiguardian-api-1.1.0.jar;C:\Users\MU993HT\.m2\repository\org\opentest4j\opentest4j\1.2.0\opentest4j-1.2.0.jar;C:\Users\MU993HT\.m2\repository\org\junit\platform\junit-platform-commons\1.6.0\junit-platform-commons-1.6.0.jar;C:\Users\MU993HT\.m2\repository\org\junit\jupiter\junit-jupiter-params\5.6.0\junit-jupiter-params-5.6.0.jar;C:\Users\MU993HT\.m2\repository\org\junit\jupiter\junit-jupiter-engine\5.6.0\junit-jupiter-engine-5.6.0.jar;C:\Users\MU993HT\.m2\repository\org\junit\platform\junit-platform-engine\1.6.0\junit-platform-engine-1.6.0.jar;"/>
    <property name="java.vm.vendor" value="Oracle Corporation"/>
    <property name="sun.arch.data.model" value="64"/>
    <property name="user.variant" value=""/>
    <property name="java.vendor.url" value="https://openjdk.java.net/"/>
    <property name="user.timezone" value="America/Sao_Paulo"/>
    <property name="user.country.format" value="BR"/>
    <property name="java.vm.specification.version" value="11"/>
    <property name="os.name" value="Windows 10"/>
    <property name="user.country" value="US"/>
    <property name="sun.java.launcher" value="SUN_STANDARD"/>
    <property name="sun.boot.library.path" value="C:\Program Files\Java\jdk-11.0.10\bin"/>
    <property name="sun.java.command" value="C:\Users\MU993HT\AppData\Local\Temp\surefire8890120864618007412\surefirebooter3938632791679756969.jar C:\Users\MU993HT\AppData\Local\Temp\surefire8890120864618007412 2022-09-29T17-24-24_225-jvmRun1 surefire12591761659624795390tmp surefire_016902835673291084332tmp"/>
    <property name="jdk.debug" value="release"/>
    <property name="surefire.test.class.path" value="C:\Users\MU993HT\Music\SPTech\LP\projeto-lista-desafio\target\test-classes;C:\Users\MU993HT\Music\SPTech\LP\projeto-lista-desafio\target\classes;C:\Users\MU993HT\.m2\repository\org\junit\jupiter\junit-jupiter-api\5.6.0\junit-jupiter-api-5.6.0.jar;C:\Users\MU993HT\.m2\repository\org\apiguardian\apiguardian-api\1.1.0\apiguardian-api-1.1.0.jar;C:\Users\MU993HT\.m2\repository\org\opentest4j\opentest4j\1.2.0\opentest4j-1.2.0.jar;C:\Users\MU993HT\.m2\repository\org\junit\platform\junit-platform-commons\1.6.0\junit-platform-commons-1.6.0.jar;C:\Users\MU993HT\.m2\repository\org\junit\jupiter\junit-jupiter-params\5.6.0\junit-jupiter-params-5.6.0.jar;C:\Users\MU993HT\.m2\repository\org\junit\jupiter\junit-jupiter-engine\5.6.0\junit-jupiter-engine-5.6.0.jar;C:\Users\MU993HT\.m2\repository\org\junit\platform\junit-platform-engine\1.6.0\junit-platform-engine-1.6.0.jar;"/>
    <property name="sun.cpu.endian" value="little"/>
    <property name="user.home" value="C:\Users\MU993HT"/>
    <property name="user.language" value="en"/>
    <property name="java.specification.vendor" value="Oracle Corporation"/>
    <property name="java.version.date" value="2021-01-19"/>
    <property name="java.home" value="C:\Program Files\Java\jdk-11.0.10"/>
    <property name="file.separator" value="\"/>
    <property name="basedir" value="C:\Users\MU993HT\Music\SPTech\LP\projeto-lista-desafio"/>
    <property name="java.vm.compressedOopsMode" value="Zero based"/>
    <property name="line.separator" value="&#10;"/>
    <property name="java.specification.name" value="Java Platform API Specification"/>
    <property name="java.vm.specification.vendor" value="Oracle Corporation"/>
    <property name="java.awt.graphicsenv" value="sun.awt.Win32GraphicsEnvironment"/>
    <property name="surefire.real.class.path" value="C:\Users\MU993HT\AppData\Local\Temp\surefire8890120864618007412\surefirebooter3938632791679756969.jar"/>
    <property name="user.script" value=""/>
    <property name="sun.management.compiler" value="HotSpot 64-Bit Tiered Compilers"/>
    <property name="java.runtime.version" value="11.0.10+8-LTS-162"/>
    <property name="user.name" value="MU993HT"/>
    <property name="path.separator" value=";"/>
    <property name="os.version" value="10.0"/>
    <property name="java.runtime.name" value="Java(TM) SE Runtime Environment"/>
    <property name="file.encoding" value="UTF-8"/>
    <property name="java.vm.name" value="Java HotSpot(TM) 64-Bit Server VM"/>
    <property name="java.vendor.version" value="18.9"/>
    <property name="maven.ext.class.path" value="C:\Program Files\NetBeans-12.6\netbeans\java\maven-nblib\netbeans-eventspy.jar"/>
    <property name="localRepository" value="C:\Users\MU993HT\.m2\repository"/>
    <property name="java.vendor.url.bug" value="https://bugreport.java.com/bugreport/"/>
    <property name="java.io.tmpdir" value="C:\Users\MU993HT\AppData\Local\Temp\"/>
    <property name="java.version" value="11.0.10"/>
    <property name="user.dir" value="C:\Users\MU993HT\Music\SPTech\LP\projeto-lista-desafio"/>
    <property name="os.arch" value="amd64"/>
    <property name="java.vm.specification.name" value="Java Virtual Machine Specification"/>
    <property name="java.awt.printerjob" value="sun.awt.windows.WPrinterJob"/>
    <property name="user.language.format" value="pt"/>
    <property name="sun.os.patch.level" value=""/>
    <property name="java.library.path" value="C:\Program Files\Java\jdk-11.0.10\bin;C:\Windows\Sun\Java\bin;C:\Windows\system32;C:\Windows;C:\Program Files\Common Files\Oracle\Java\javapath;C:\Windows\system32;C:\Windows;C:\Windows\System32\Wbem;C:\Windows\System32\WindowsPowerShell\v1.0\;C:\Windows\System32\OpenSSH\;C:\Program Files (x86)\Riverbed\Steelhead Mobile\;C:\Program Files\1E\Client\Extensibility\NomadBranch;C:\Program Files (x86)\Common Files\Hitachi ID\;C:\Program Files\Common Files\Hitachi ID\;C:\Program Files\nodejs\;C:\Users\MU993HT\AppData\Local\Microsoft\WindowsApps;C:\Users\MU993HT\AppData\Local\Programs\Git\cmd;C:\Users\MU993HT\AppData\Local\Programs\Microsoft VS Code\bin;C:\Users\MU993HT\AppData\Roaming\npm;."/>
    <property name="java.vendor" value="Oracle Corporation"/>
    <property name="java.vm.info" value="mixed mode"/>
    <property name="java.vm.version" value="11.0.10+8-LTS-162"/>
    <property name="sun.io.unicode.encoding" value="UnicodeLittle"/>
    <property name="java.class.version" value="55.0"/>
  </properties>
  <testcase name="add(): Quando adicionado valor null não altera o tamanho da lista" classname="Teste classe ListaUtil" time="0.036"/>
  <testcase name="count(): Quando a lista possuir 3 valores retorna 3" classname="Teste classe ListaUtil" time="0"/>
  <testcase name="hasDuplicidade(): Quando a lista não possuir valores duplicados deve retornar false" classname="Teste classe ListaUtil" time="0"/>
  <testcase name="getMenor(): Quando a lista estiver vazia deve retornar 0" classname="Teste classe ListaUtil" time="0"/>
  <testcase name="remove(): Quando passado um valor que existe na lista o valor deve ser removido" classname="Teste classe ListaUtil" time="0"/>
  <testcase name="getMaior(): Quando a lista estiver vazia deve retornar 0" classname="Teste classe ListaUtil" time="0"/>
  <testcase name="somar(): Quando a lista possuir valores 30, 10 e 2 deve retornar a soma correta (42)" classname="Teste classe ListaUtil" time="0"/>
  <testcase name="somar(): Quando a lista possuir valores 20, 10, 50, 17 e 2 deve retornar a soma correta (99)" classname="Teste classe ListaUtil" time="0"/>
  <testcase name="add(): Quando adicionado valores positivos e negativos aumenta o tamanho da lista" classname="Teste classe ListaUtil" time="0"/>
  <testcase name="countImpares(): Quando a lista possuir 3 valores ímpares retorna 3" classname="Teste classe ListaUtil" time="0"/>
  <testcase name="hasDuplicidade(): Quando a lista possuir valores duplicados deve retornar true" classname="Teste classe ListaUtil" time="0"/>
  <testcase name="getMenor(): Quando a lista possuir valores deve retornar o menor" classname="Teste classe ListaUtil" time="0"/>
  <testcase name="remove(): Quando passado um valor que não existe, não altera o tamanho da lista" classname="Teste classe ListaUtil" time="0"/>
  <testcase name="count(): Quando a lista estiver vazia deve retornar 0" classname="Teste classe ListaUtil" time="0"/>
  <testcase name="somar(): Quando a lista estiver vazia deve retornar 0" classname="Teste classe ListaUtil" time="0"/>
  <testcase name="countPares(): Quando a lista estiver vazia retorna 0" classname="Teste classe ListaUtil" time="0"/>
  <testcase name="countImpares(): Quando a lista estiver vazia retorna 0" classname="Teste classe ListaUtil" time="0"/>
  <testcase name="countPares(): Quando a lista possuir 6 valores pares retorna 6" classname="Teste classe ListaUtil" time="0"/>
  <testcase name="hasDuplicidade(): Quando a lista estiver vazia deve retornar true" classname="Teste classe ListaUtil" time="0"/>
  <testcase name="remove(): Quando remover um valor null não altera o tamanho da lista" classname="Teste classe ListaUtil" time="0"/>
  <testcase name="getMaior(): Quando a lista possuir valores deve retornar o maior" classname="Teste classe ListaUtil" time="0"/>
</testsuite>